# JRE version: OpenJDK Runtime Environment (8.0_121-b13) (build 1.8.0_121-8u121-b13-0ubuntu1.16.04.2-b13)
# Java VM: OpenJDK 64-Bit Server VM (25.121-b13 mixed mode linux-amd64 compressed oops)
Heap:
 PSYoungGen      total 62464K, used 0K [0x00000000e1600000, 0x00000000e5d80000, 0x0000000100000000)
  eden space 55808K, 0% used [0x00000000e1600000,0x00000000e1600000,0x00000000e4c80000)
  from space 6656K, 0% used [0x00000000e5400000,0x00000000e5400000,0x00000000e5a80000)
  to   space 7680K, 0% used [0x00000000e4c80000,0x00000000e4c80000,0x00000000e5400000)
 ParOldGen       total 361472K, used 341370K [0x00000000a4200000, 0x00000000ba300000, 0x00000000e1600000)
  object space 361472K, 94% used [0x00000000a4200000,0x00000000b8f5ea68,0x00000000ba300000)
 Metaspace       used 3051K, capacity 4566K, committed 4864K, reserved 1056768K
  class space    used 299K, capacity 390K, committed 512K, reserved 1048576K
GC Heap History (10 events):
Event: 25.017 GC heap after
Heap after GC invocations=47 (full 3):
 PSYoungGen      total 54784K, used 4082K [0x00000000e1600000, 0x00000000e5300000, 0x0000000100000000)
  eden space 50688K, 0% used [0x00000000e1600000,0x00000000e1600000,0x00000000e4780000)
  from space 4096K, 99% used [0x00000000e4780000,0x00000000e4b7ca40,0x00000000e4b80000)
  to   space 5120K, 0% used [0x00000000e4e00000,0x00000000e4e00000,0x00000000e5300000)
 ParOldGen       total 236032K, used 188274K [0x00000000a4200000, 0x00000000b2880000, 0x00000000e1600000)
  object space 236032K, 79% used [0x00000000a4200000,0x00000000af9dca08,0x00000000b2880000)
 Metaspace       used 3051K, capacity 4566K, committed 4864K, reserved 1056768K
  class space    used 299K, capacity 390K, committed 512K, reserved 1048576K
}
Event: 25.031 GC heap before
{Heap before GC invocations=48 (full 3):
 PSYoungGen      total 54784K, used 53977K [0x00000000e1600000, 0x00000000e5300000, 0x0000000100000000)
  eden space 50688K, 98% used [0x00000000e1600000,0x00000000e46b9c98,0x00000000e4780000)
  from space 4096K, 99% used [0x00000000e4780000,0x00000000e4b7ca40,0x00000000e4b80000)
  to   space 5120K, 0% used [0x00000000e4e00000,0x00000000e4e00000,0x00000000e5300000)
 ParOldGen       total 236032K, used 188274K [0x00000000a4200000, 0x00000000b2880000, 0x00000000e1600000)
  object space 236032K, 79% used [0x00000000a4200000,0x00000000af9dca08,0x00000000b2880000)
 Metaspace       used 3051K, capacity 4566K, committed 4864K, reserved 1056768K
  class space    used 299K, capacity 390K, committed 512K, reserved 1048576K
Event: 25.105 GC heap after
Heap after GC invocations=48 (full 3):
 PSYoungGen      total 56832K, used 5103K [0x00000000e1600000, 0x00000000e5900000, 0x0000000100000000)
  eden space 51712K, 0% used [0x00000000e1600000,0x00000000e1600000,0x00000000e4880000)
  from space 5120K, 99% used [0x00000000e4e00000,0x00000000e52fbcd0,0x00000000e5300000)
  to   space 5632K, 0% used [0x00000000e4880000,0x00000000e4880000,0x00000000e4e00000)
 ParOldGen       total 237056K, used 236244K [0x00000000a4200000, 0x00000000b2980000, 0x00000000e1600000)
  object space 237056K, 99% used [0x00000000a4200000,0x00000000b28b5278,0x00000000b2980000)
 Metaspace       used 3051K, capacity 4566K, committed 4864K, reserved 1056768K
  class space    used 299K, capacity 390K, committed 512K, reserved 1048576K
}
Event: 25.146 GC heap before
{Heap before GC invocations=49 (full 4):
 PSYoungGen      total 56832K, used 5103K [0x00000000e1600000, 0x00000000e5900000, 0x0000000100000000)
  eden space 51712K, 0% used [0x00000000e1600000,0x00000000e1600000,0x00000000e4880000)
  from space 5120K, 99% used [0x00000000e4e00000,0x00000000e52fbcd0,0x00000000e5300000)
  to   space 5632K, 0% used [0x00000000e4880000,0x00000000e4880000,0x00000000e4e00000)
 ParOldGen       total 237056K, used 236244K [0x00000000a4200000, 0x00000000b2980000, 0x00000000e1600000)
  object space 237056K, 99% used [0x00000000a4200000,0x00000000b28b5278,0x00000000b2980000)
 Metaspace       used 3051K, capacity 4566K, committed 4864K, reserved 1056768K
  class space    used 299K, capacity 390K, committed 512K, reserved 1048576K
Event: 26.183 GC heap after
Heap after GC invocations=49 (full 4):
 PSYoungGen      total 56832K, used 5103K [0x00000000e1600000, 0x00000000e5900000, 0x0000000100000000)
  eden space 51712K, 0% used [0x00000000e1600000,0x00000000e1600000,0x00000000e4880000)
  from space 5120K, 99% used [0x00000000e4e00000,0x00000000e52fbcd0,0x00000000e5300000)
  to   space 5632K, 0% used [0x00000000e4880000,0x00000000e4880000,0x00000000e4e00000)
 ParOldGen       total 361472K, used 236244K [0x00000000a4200000, 0x00000000ba300000, 0x00000000e1600000)
  object space 361472K, 65% used [0x00000000a4200000,0x00000000b28b5278,0x00000000ba300000)
 Metaspace       used 3051K, capacity 4566K, committed 4864K, reserved 1056768K
  class space    used 299K, capacity 390K, committed 512K, reserved 1048576K
}
Event: 26.198 GC heap before
{Heap before GC invocations=50 (full 4):
 PSYoungGen      total 56832K, used 56069K [0x00000000e1600000, 0x00000000e5900000, 0x0000000100000000)
  eden space 51712K, 98% used [0x00000000e1600000,0x00000000e47c5a30,0x00000000e4880000)
  from space 5120K, 99% used [0x00000000e4e00000,0x00000000e52fbcd0,0x00000000e5300000)
  to   space 5632K, 0% used [0x00000000e4880000,0x00000000e4880000,0x00000000e4e00000)
 ParOldGen       total 361472K, used 236244K [0x00000000a4200000, 0x00000000ba300000, 0x00000000e1600000)
  object space 361472K, 65% used [0x00000000a4200000,0x00000000b28b5278,0x00000000ba300000)
 Metaspace       used 3051K, capacity 4566K, committed 4864K, reserved 1056768K
  class space    used 299K, capacity 390K, committed 512K, reserved 1048576K
Event: 26.276 GC heap after
Heap after GC invocations=50 (full 4):
 PSYoungGen      total 57344K, used 5103K [0x00000000e1600000, 0x00000000e5a80000, 0x0000000100000000)
  eden space 51712K, 0% used [0x00000000e1600000,0x00000000e1600000,0x00000000e4880000)
  from space 5632K, 90% used [0x00000000e4880000,0x00000000e4d7bcd0,0x00000000e4e00000)
  to   space 6656K, 0% used [0x00000000e5400000,0x00000000e5400000,0x00000000e5a80000)
 ParOldGen       total 361472K, used 286256K [0x00000000a4200000, 0x00000000ba300000, 0x00000000e1600000)
  object space 361472K, 79% used [0x00000000a4200000,0x00000000b598c008,0x00000000ba300000)
 Metaspace       used 3051K, capacity 4566K, committed 4864K, reserved 1056768K
  class space    used 299K, capacity 390K, committed 512K, reserved 1048576K
}
Event: 26.286 GC heap before
{Heap before GC invocations=51 (full 4):
 PSYoungGen      total 57344K, used 56083K [0x00000000e1600000, 0x00000000e5a80000, 0x0000000100000000)
  eden space 51712K, 98% used [0x00000000e1600000,0x00000000e47c90c8,0x00000000e4880000)
  from space 5632K, 90% used [0x00000000e4880000,0x00000000e4d7bcd0,0x00000000e4e00000)
  to   space 6656K, 0% used [0x00000000e5400000,0x00000000e5400000,0x00000000e5a80000)
 ParOldGen       total 361472K, used 286256K [0x00000000a4200000, 0x00000000ba300000, 0x00000000e1600000)
  object space 361472K, 79% used [0x00000000a4200000,0x00000000b598c008,0x00000000ba300000)
 Metaspace       used 3051K, capacity 4566K, committed 4864K, reserved 1056768K
  class space    used 299K, capacity 390K, committed 512K, reserved 1048576K
Event: 26.316 GC heap after
Heap after GC invocations=51 (full 4):
 PSYoungGen      total 62464K, used 6123K [0x00000000e1600000, 0x00000000e5d80000, 0x0000000100000000)
  eden space 55808K, 0% used [0x00000000e1600000,0x00000000e1600000,0x00000000e4c80000)
  from space 6656K, 92% used [0x00000000e5400000,0x00000000e59faf60,0x00000000e5a80000)
  to   space 7680K, 0% used [0x00000000e4c80000,0x00000000e4c80000,0x00000000e5400000)
 ParOldGen       total 361472K, used 335246K [0x00000000a4200000, 0x00000000ba300000, 0x00000000e1600000)
  object space 361472K, 92% used [0x00000000a4200000,0x00000000b8963b08,0x00000000ba300000)
 Metaspace       used 3051K, capacity 4566K, committed 4864K, reserved 1056768K
  class space    used 299K, capacity 390K, committed 512K, reserved 1048576K
}
Event: 26.316 GC heap before
{Heap before GC invocations=52 (full 5):
 PSYoungGen      total 62464K, used 6123K [0x00000000e1600000, 0x00000000e5d80000, 0x0000000100000000)
  eden space 55808K, 0% used [0x00000000e1600000,0x00000000e1600000,0x00000000e4c80000)
  from space 6656K, 92% used [0x00000000e5400000,0x00000000e59faf60,0x00000000e5a80000)
  to   space 7680K, 0% used [0x00000000e4c80000,0x00000000e4c80000,0x00000000e5400000)
 ParOldGen       total 361472K, used 335246K [0x00000000a4200000, 0x00000000ba300000, 0x00000000e1600000)
  object space 361472K, 92% used [0x00000000a4200000,0x00000000b8963b08,0x00000000ba300000)
 Metaspace       used 3051K, capacity 4566K, committed 4864K, reserved 1056768K
  class space    used 299K, capacity 390K, committed 512K, reserved 1048576K

